<?xml version="1.0" encoding="UTF-8"?>
<testng-results skipped="0" failed="0" total="1" passed="1">
  <reporter-output>
  </reporter-output>
  <suite name="Default suite" duration-ms="11189" started-at="2016-06-14T18:09:18Z" finished-at="2016-06-14T18:09:29Z">
    <groups>
    </groups>
    <test name="Default test" duration-ms="11189" started-at="2016-06-14T18:09:18Z" finished-at="2016-06-14T18:09:29Z">
      <class name="com.test.HomePageTest">
        <test-method status="PASS" signature="setup()[pri:0, instance:com.test.HomePageTest@2aafb23c]" name="setup" is-config="true" duration-ms="6613" started-at="2016-06-14T11:09:11Z" finished-at="2016-06-14T11:09:18Z">
          <reporter-output>
          </reporter-output>
        </test-method> <!-- setup -->
        <test-method status="PASS" signature="initialize()[pri:0, instance:com.test.HomePageTest@2aafb23c]" name="initialize" is-config="true" duration-ms="15" started-at="2016-06-14T11:09:18Z" finished-at="2016-06-14T11:09:18Z">
          <reporter-output>
          </reporter-output>
        </test-method> <!-- initialize -->
        <test-method status="PASS" signature="stroefindertest()[pri:0, instance:com.test.HomePageTest@2aafb23c]" name="stroefindertest" duration-ms="10932" started-at="2016-06-14T11:09:18Z" finished-at="2016-06-14T11:09:29Z">
          <reporter-output>
          </reporter-output>
        </test-method> <!-- stroefindertest -->
        <test-method status="PASS" signature="quit()[pri:0, instance:com.test.HomePageTest@2aafb23c]" name="quit" is-config="true" duration-ms="169" started-at="2016-06-14T11:09:29Z" finished-at="2016-06-14T11:09:29Z">
          <reporter-output>
          </reporter-output>
        </test-method> <!-- quit -->
      </class> <!-- com.test.HomePageTest -->
    </test> <!-- Default test -->
  </suite> <!-- Default suite -->
</testng-results>
